Added Component: Designator=C16(C0603)
Add component. Clean all parameters for all variants
Add component (AddParameter): Name = "Value"; Value = "0.1uF"; VariantName = "[No Variations]"
Add component (AddParameter): Name = "Voltage"; Value = "25V"; VariantName = "[No Variations]"
Added Component: Designator=J11(USD_DM3CS)
Add component. Clean all parameters for all variants
Added Pin To Net: NetName=GND Pin=C16-1
Added Pin To Net: NetName=VCC_3V3 Pin=C16-2
Added Pin To Net: NetName=SDX_D2 Pin=J11-1
Added Pin To Net: NetName=SDX_D3 Pin=J11-2
Added Pin To Net: NetName=SDX_CMD Pin=J11-3
Added Pin To Net: NetName=VCC_3V3 Pin=J11-4
Added Pin To Net: NetName=SDX_CLK Pin=J11-5
Added Pin To Net: NetName=GND Pin=J11-6
Added Pin To Net: NetName=SDX_D0 Pin=J11-7
Added Pin To Net: NetName=SDX_D1 Pin=J11-8
Added Pin To Net: NetName=GND Pin=J11-10
Added Pin To Net: NetName=GND Pin=J11-11
Added Pin To Net: NetName=GND Pin=J11-12
Added Pin To Net: NetName=GND Pin=J11-13
Added Member To Class: ClassName=RaspberryPi Member=Component C16 CAP
Added Member To Class: ClassName=RaspberryPi Member=Component J11 DM3C-SF
