Change Component Description : Designator=J8 Old Description=Standard A Type 4 Pin Vertical 3 µin Plating Through Hole USB Jack 2.0 New Description=
Standard A Type 4 Pin Vertical 3 µin Plating Through Hole USB Jack 2.0

Added Component: Designator=C?(C0603)
Add component. Clean all parameters for all variants
Add component (AddParameter): Name = "Value"; Value = "0.1uF"; VariantName = "[No Variations]"
Add component (AddParameter): Name = "Voltage"; Value = "25V"; VariantName = "[No Variations]"
Added Component: Designator=C?(C0603)
Add component. Clean all parameters for all variants
Add component (AddParameter): Name = "Value"; Value = "0.1uF"; VariantName = "[No Variations]"
Add component (AddParameter): Name = "Voltage"; Value = "25V"; VariantName = "[No Variations]"
Added Component: Designator=C?(C0603)
Add component. Clean all parameters for all variants
Add component (AddParameter): Name = "Value"; Value = "0.1uF"; VariantName = "[No Variations]"
Add component (AddParameter): Name = "Voltage"; Value = "25V"; VariantName = "[No Variations]"
Added Component: Designator=C?(C0603)
Add component. Clean all parameters for all variants
Add component (AddParameter): Name = "Value"; Value = "0.1uF"; VariantName = "[No Variations]"
Add component (AddParameter): Name = "Voltage"; Value = "25V"; VariantName = "[No Variations]"
Added Component: Designator=C?(C0603)
Add component. Clean all parameters for all variants
Add component (AddParameter): Name = "Value"; Value = "0.1uF"; VariantName = "[No Variations]"
Add component (AddParameter): Name = "Voltage"; Value = "25V"; VariantName = "[No Variations]"
Added Component: Designator=CR?(SOT23-6L)
Add component. Clean all parameters for all variants
Add component (AddParameter): Name = "Built_By"; Value = "EMA_UL_Team"; VariantName = "[No Variations]"
Add component (AddParameter): Name = "C"; Value = "Copyright (C) 2015 Accelerated Designs. All rights reserved"; VariantName = "[No Variations]"
Add component (AddParameter): Name = "Manufacturer_Part_Number"; Value = "HDMIULC6-4SC6"; VariantName = "[No Variations]"
Add component (AddParameter): Name = "Value"; Value = "HDMIULC6-4SC6"; VariantName = "[No Variations]"
Add component (AddParameter): Name = "Vendor"; Value = "STMicroelectronics"; VariantName = "[No Variations]"
Added Component: Designator=CR?(SOT23-6L)
Add component. Clean all parameters for all variants
Add component (AddParameter): Name = "Built_By"; Value = "EMA_UL_Team"; VariantName = "[No Variations]"
Add component (AddParameter): Name = "C"; Value = "Copyright (C) 2015 Accelerated Designs. All rights reserved"; VariantName = "[No Variations]"
Add component (AddParameter): Name = "Manufacturer_Part_Number"; Value = "HDMIULC6-4SC6"; VariantName = "[No Variations]"
Add component (AddParameter): Name = "Value"; Value = "HDMIULC6-4SC6"; VariantName = "[No Variations]"
Add component (AddParameter): Name = "Vendor"; Value = "STMicroelectronics"; VariantName = "[No Variations]"
Added Component: Designator=CR?(SOT23-6L)
Add component. Clean all parameters for all variants
Add component (AddParameter): Name = "Built_By"; Value = "EMA_UL_Team"; VariantName = "[No Variations]"
Add component (AddParameter): Name = "C"; Value = "Copyright (C) 2015 Accelerated Designs. All rights reserved"; VariantName = "[No Variations]"
Add component (AddParameter): Name = "Manufacturer_Part_Number"; Value = "HDMIULC6-4SC6"; VariantName = "[No Variations]"
Add component (AddParameter): Name = "Value"; Value = "HDMIULC6-4SC6"; VariantName = "[No Variations]"
Add component (AddParameter): Name = "Vendor"; Value = "STMicroelectronics"; VariantName = "[No Variations]"
Added Pin To Net: NetName=VCC_3V3 Pin=C?-1
Added Pin To Net: NetName=VCC_3V3 Pin=C?-1
Added Pin To Net: NetName=VCC_3V3 Pin=C?-1
Added Pin To Net: NetName=VCC_3V3 Pin=C?-1
Added Pin To Net: NetName=VCC_3V3 Pin=C?-1
Added Pin To Net: NetName=GND Pin=C?-2
Added Pin To Net: NetName=GND Pin=C?-2
Added Pin To Net: NetName=GND Pin=C?-2
Added Pin To Net: NetName=GND Pin=C?-2
Added Pin To Net: NetName=GND Pin=C?-2
Added Pin To Net: NetName=HDMI_D0_P Pin=CR?-1
Added Pin To Net: NetName=HDMI_D2_P Pin=CR?-1
Added Pin To Net: NetName=HDMI_SCL Pin=CR?-1
Added Pin To Net: NetName=GND Pin=CR?-2
Added Pin To Net: NetName=GND Pin=CR?-2
Added Pin To Net: NetName=GND Pin=CR?-2
Added Pin To Net: NetName=HDMI_CLK_N Pin=CR?-3
Added Pin To Net: NetName=HDMI_D1_N Pin=CR?-3
Added Pin To Net: NetName=HDMI_SDA Pin=CR?-3
Added Pin To Net: NetName=HDMI_CLK_P Pin=CR?-4
Added Pin To Net: NetName=HDMI_D1_P Pin=CR?-4
Added Pin To Net: NetName=HDMI_HPD Pin=CR?-4
Added Pin To Net: NetName=VCC_5V Pin=CR?-5
Added Pin To Net: NetName=HDMI_CEC Pin=CR?-6
Added Pin To Net: NetName=HDMI_D0_N Pin=CR?-6
Added Pin To Net: NetName=HDMI_D2_N Pin=CR?-6
Added Member To Class: ClassName=RaspberryPi Member=Component C? CAP
Added Member To Class: ClassName=RaspberryPi Member=Component C? CAP
Added Member To Class: ClassName=RaspberryPi Member=Component C? CAP
Added Member To Class: ClassName=RaspberryPi Member=Component C? CAP
Added Member To Class: ClassName=RaspberryPi Member=Component C? CAP
Added Member To Class: ClassName=RaspberryPi Member=Component CR? HDMIULC6-4SC6
Added Member To Class: ClassName=RaspberryPi Member=Component CR? HDMIULC6-4SC6
Added Member To Class: ClassName=RaspberryPi Member=Component CR? HDMIULC6-4SC6
