PCAD Importer Log
Project : HDMIESD.LibPkg

Section : C:\Users\n10208577\Desktop\DRC2019-Hardware\Altium\Library\HDMIESD.lia
    Section : PCB Library - HDMIESD.PcbLib
        Section : Load Messages
            Warning - 1 : Skipping Token poly On Line 506
            Warning - 1 : Skipping Token poly On Line 522
            Warning - 1 : Skipping Token poly On Line 887
            Warning - 1 : Skipping Token poly On Line 903
            Warning - 1 : Skipping Token poly On Line 1268
            Warning - 1 : Skipping Token poly On Line 1284
            Warning - 1 : Skipping Token HDMIULC6-4SC6 On Line 1526
            Warning - 1 : Skipping Token attachedSymbol On Line 1600
        EndSection

        Section : Import Messages
        EndSection
    EndSection

    Section : SCH Library - HDMIESD.SchLib
        Section : Parsing Messages
            Warning - 1 : Skipping Token padStyleDef On Line 10
            Warning - 1 : Skipping Token padStyleDef On Line 20
            Warning - 1 : Skipping Token padStyleDef On Line 30
            Warning - 1 : Skipping Token padStyleDef On Line 40
            Warning - 1 : Skipping Token padStyleDef On Line 50
            Warning - 1 : Skipping Token padStyleDef On Line 60
            Warning - 1 : Skipping Token padStyleDef On Line 70
            Warning - 1 : Skipping Token padStyleDef On Line 83
            Warning - 1 : Skipping Token padStyleDef On Line 96
            Warning - 1 : Skipping Token multiLayer On Line 388
            Warning - 1 : Skipping Token layerContents On Line 397
            Warning - 1 : Skipping Token layerContents On Line 400
            Warning - 1 : Skipping Token layerContents On Line 403
            Warning - 1 : Skipping Token layerContents On Line 406
            Warning - 1 : Skipping Token layerContents On Line 409
            Warning - 1 : Skipping Token layerContents On Line 412
            Warning - 1 : Skipping Token layerContents On Line 415
            Warning - 1 : Skipping Token layerContents On Line 418
            Warning - 1 : Skipping Token layerContents On Line 421
            Warning - 1 : Skipping Token layerContents On Line 424
            Warning - 1 : Skipping Token layerContents On Line 427
            Warning - 1 : Skipping Token layerContents On Line 430
            Warning - 1 : Skipping Token layerContents On Line 433
            Warning - 1 : Skipping Token layerContents On Line 436
            Warning - 1 : Skipping Token layerContents On Line 439
            Warning - 1 : Skipping Token layerContents On Line 442
            Warning - 1 : Skipping Token layerContents On Line 445
            Warning - 1 : Skipping Token layerContents On Line 448
            Warning - 1 : Skipping Token layerContents On Line 451
            Warning - 1 : Skipping Token layerContents On Line 454
            Warning - 1 : Skipping Token layerContents On Line 457
            Warning - 1 : Skipping Token layerContents On Line 460
            Warning - 1 : Skipping Token layerContents On Line 463
            Warning - 1 : Skipping Token layerContents On Line 466
            Warning - 1 : Skipping Token layerContents On Line 469
            Warning - 1 : Skipping Token layerContents On Line 472
            Warning - 1 : Skipping Token layerContents On Line 475
            Warning - 1 : Skipping Token layerContents On Line 478
            Warning - 1 : Skipping Token layerContents On Line 481
            Warning - 1 : Skipping Token layerContents On Line 484
            Warning - 1 : Skipping Token layerContents On Line 487
            Warning - 1 : Skipping Token layerContents On Line 490
            Warning - 1 : Skipping Token layerContents On Line 493
            Warning - 1 : Skipping Token layerContents On Line 496
            Warning - 1 : Skipping Token layerContents On Line 499
            Warning - 1 : Skipping Token layerContents On Line 502
            Warning - 1 : Skipping Token layerContents On Line 505
            Warning - 1 : Skipping Token layerContents On Line 521
            Warning - 1 : Skipping Token layerContents On Line 529
            Warning - 1 : Skipping Token layerContents On Line 532
            Warning - 1 : Skipping Token layerContents On Line 535
            Warning - 1 : Skipping Token layerContents On Line 538
            Warning - 1 : Skipping Token layerContents On Line 541
            Warning - 1 : Skipping Token layerContents On Line 544
            Warning - 1 : Skipping Token layerContents On Line 547
            Warning - 1 : Skipping Token layerContents On Line 550
            Warning - 1 : Skipping Token layerContents On Line 553
            Warning - 1 : Skipping Token layerContents On Line 556
            Warning - 1 : Skipping Token layerContents On Line 559
            Warning - 1 : Skipping Token layerContents On Line 562
            Warning - 1 : Skipping Token layerContents On Line 565
            Warning - 1 : Skipping Token layerContents On Line 568
            Warning - 1 : Skipping Token layerContents On Line 571
            Warning - 1 : Skipping Token layerContents On Line 574
            Warning - 1 : Skipping Token layerContents On Line 577
            Warning - 1 : Skipping Token layerContents On Line 580
            Warning - 1 : Skipping Token layerContents On Line 583
            Warning - 1 : Skipping Token layerContents On Line 586
            Warning - 1 : Skipping Token layerContents On Line 589
            Warning - 1 : Skipping Token layerContents On Line 592
            Warning - 1 : Skipping Token layerContents On Line 595
            Warning - 1 : Skipping Token layerContents On Line 598
            Warning - 1 : Skipping Token layerContents On Line 601
            Warning - 1 : Skipping Token layerContents On Line 604
            Warning - 1 : Skipping Token layerContents On Line 607
            Warning - 1 : Skipping Token layerContents On Line 610
            Warning - 1 : Skipping Token layerContents On Line 613
            Warning - 1 : Skipping Token layerContents On Line 616
            Warning - 1 : Skipping Token layerContents On Line 619
            Warning - 1 : Skipping Token layerContents On Line 622
            Warning - 1 : Skipping Token layerContents On Line 625
            Warning - 1 : Skipping Token layerContents On Line 628
            Warning - 1 : Skipping Token layerContents On Line 631
            Warning - 1 : Skipping Token layerContents On Line 634
            Warning - 1 : Skipping Token layerContents On Line 637
            Warning - 1 : Skipping Token layerContents On Line 640
            Warning - 1 : Skipping Token layerContents On Line 643
            Warning - 1 : Skipping Token layerContents On Line 646
            Warning - 1 : Skipping Token layerContents On Line 649
            Warning - 1 : Skipping Token layerContents On Line 652
            Warning - 1 : Skipping Token layerContents On Line 655
            Warning - 1 : Skipping Token layerContents On Line 658
            Warning - 1 : Skipping Token layerContents On Line 661
            Warning - 1 : Skipping Token layerContents On Line 664
            Warning - 1 : Skipping Token layerContents On Line 667
            Warning - 1 : Skipping Token layerContents On Line 670
            Warning - 1 : Skipping Token layerContents On Line 673
            Warning - 1 : Skipping Token layerContents On Line 676
            Warning - 1 : Skipping Token layerContents On Line 679
            Warning - 1 : Skipping Token layerContents On Line 682
            Warning - 1 : Skipping Token layerContents On Line 685
            Warning - 1 : Skipping Token layerContents On Line 688
            Warning - 1 : Skipping Token layerContents On Line 691
            Warning - 1 : Skipping Token layerContents On Line 694
            Warning - 1 : Skipping Token layerContents On Line 697
            Warning - 1 : Skipping Token layerContents On Line 700
            Warning - 1 : Skipping Token layerContents On Line 703
            Warning - 1 : Skipping Token layerContents On Line 706
            Warning - 1 : Skipping Token layerContents On Line 709
            Warning - 1 : Skipping Token layerContents On Line 712
            Warning - 1 : Skipping Token layerContents On Line 715
            Warning - 1 : Skipping Token layerContents On Line 718
            Warning - 1 : Skipping Token layerContents On Line 721
            Warning - 1 : Skipping Token layerContents On Line 724
            Warning - 1 : Skipping Token layerContents On Line 727
            Warning - 1 : Skipping Token layerContents On Line 730
            Warning - 1 : Skipping Token layerContents On Line 733
            Warning - 1 : Skipping Token layerContents On Line 736
            Warning - 1 : Skipping Token layerContents On Line 739
            Warning - 1 : Skipping Token layerContents On Line 742
            Warning - 1 : Skipping Token layerContents On Line 745
            Warning - 1 : Skipping Token layerContents On Line 748
            Warning - 1 : Skipping Token layerContents On Line 751
            Warning - 1 : Skipping Token layerContents On Line 754
            Warning - 1 : Skipping Token layerContents On Line 757
            Warning - 1 : Skipping Token layerContents On Line 760
            Warning - 1 : Skipping Token multiLayer On Line 769
            Warning - 1 : Skipping Token layerContents On Line 778
            Warning - 1 : Skipping Token layerContents On Line 781
            Warning - 1 : Skipping Token layerContents On Line 784
            Warning - 1 : Skipping Token layerContents On Line 787
            Warning - 1 : Skipping Token layerContents On Line 790
            Warning - 1 : Skipping Token layerContents On Line 793
            Warning - 1 : Skipping Token layerContents On Line 796
            Warning - 1 : Skipping Token layerContents On Line 799
            Warning - 1 : Skipping Token layerContents On Line 802
            Warning - 1 : Skipping Token layerContents On Line 805
            Warning - 1 : Skipping Token layerContents On Line 808
            Warning - 1 : Skipping Token layerContents On Line 811
            Warning - 1 : Skipping Token layerContents On Line 814
            Warning - 1 : Skipping Token layerContents On Line 817
            Warning - 1 : Skipping Token layerContents On Line 820
            Warning - 1 : Skipping Token layerContents On Line 823
            Warning - 1 : Skipping Token layerContents On Line 826
            Warning - 1 : Skipping Token layerContents On Line 829
            Warning - 1 : Skipping Token layerContents On Line 832
            Warning - 1 : Skipping Token layerContents On Line 835
            Warning - 1 : Skipping Token layerContents On Line 838
            Warning - 1 : Skipping Token layerContents On Line 841
            Warning - 1 : Skipping Token layerContents On Line 844
            Warning - 1 : Skipping Token layerContents On Line 847
            Warning - 1 : Skipping Token layerContents On Line 850
            Warning - 1 : Skipping Token layerContents On Line 853
            Warning - 1 : Skipping Token layerContents On Line 856
            Warning - 1 : Skipping Token layerContents On Line 859
            Warning - 1 : Skipping Token layerContents On Line 862
            Warning - 1 : Skipping Token layerContents On Line 865
            Warning - 1 : Skipping Token layerContents On Line 868
            Warning - 1 : Skipping Token layerContents On Line 871
            Warning - 1 : Skipping Token layerContents On Line 874
            Warning - 1 : Skipping Token layerContents On Line 877
            Warning - 1 : Skipping Token layerContents On Line 880
            Warning - 1 : Skipping Token layerContents On Line 883
            Warning - 1 : Skipping Token layerContents On Line 886
            Warning - 1 : Skipping Token layerContents On Line 902
            Warning - 1 : Skipping Token layerContents On Line 910
            Warning - 1 : Skipping Token layerContents On Line 913
            Warning - 1 : Skipping Token layerContents On Line 916
            Warning - 1 : Skipping Token layerContents On Line 919
            Warning - 1 : Skipping Token layerContents On Line 922
            Warning - 1 : Skipping Token layerContents On Line 925
            Warning - 1 : Skipping Token layerContents On Line 928
            Warning - 1 : Skipping Token layerContents On Line 931
            Warning - 1 : Skipping Token layerContents On Line 934
            Warning - 1 : Skipping Token layerContents On Line 937
            Warning - 1 : Skipping Token layerContents On Line 940
            Warning - 1 : Skipping Token layerContents On Line 943
            Warning - 1 : Skipping Token layerContents On Line 946
            Warning - 1 : Skipping Token layerContents On Line 949
            Warning - 1 : Skipping Token layerContents On Line 952
            Warning - 1 : Skipping Token layerContents On Line 955
            Warning - 1 : Skipping Token layerContents On Line 958
            Warning - 1 : Skipping Token layerContents On Line 961
            Warning - 1 : Skipping Token layerContents On Line 964
            Warning - 1 : Skipping Token layerContents On Line 967
            Warning - 1 : Skipping Token layerContents On Line 970
            Warning - 1 : Skipping Token layerContents On Line 973
            Warning - 1 : Skipping Token layerContents On Line 976
            Warning - 1 : Skipping Token layerContents On Line 979
            Warning - 1 : Skipping Token layerContents On Line 982
            Warning - 1 : Skipping Token layerContents On Line 985
            Warning - 1 : Skipping Token layerContents On Line 988
            Warning - 1 : Skipping Token layerContents On Line 991
            Warning - 1 : Skipping Token layerContents On Line 994
            Warning - 1 : Skipping Token layerContents On Line 997
            Warning - 1 : Skipping Token layerContents On Line 1000
            Warning - 1 : Skipping Token layerContents On Line 1003
            Warning - 1 : Skipping Token layerContents On Line 1006
            Warning - 1 : Skipping Token layerContents On Line 1009
            Warning - 1 : Skipping Token layerContents On Line 1012
            Warning - 1 : Skipping Token layerContents On Line 1015
            Warning - 1 : Skipping Token layerContents On Line 1018
            Warning - 1 : Skipping Token layerContents On Line 1021
            Warning - 1 : Skipping Token layerContents On Line 1024
            Warning - 1 : Skipping Token layerContents On Line 1027
            Warning - 1 : Skipping Token layerContents On Line 1030
            Warning - 1 : Skipping Token layerContents On Line 1033
            Warning - 1 : Skipping Token layerContents On Line 1036
            Warning - 1 : Skipping Token layerContents On Line 1039
            Warning - 1 : Skipping Token layerContents On Line 1042
            Warning - 1 : Skipping Token layerContents On Line 1045
            Warning - 1 : Skipping Token layerContents On Line 1048
            Warning - 1 : Skipping Token layerContents On Line 1051
            Warning - 1 : Skipping Token layerContents On Line 1054
            Warning - 1 : Skipping Token layerContents On Line 1057
            Warning - 1 : Skipping Token layerContents On Line 1060
            Warning - 1 : Skipping Token layerContents On Line 1063
            Warning - 1 : Skipping Token layerContents On Line 1066
            Warning - 1 : Skipping Token layerContents On Line 1069
            Warning - 1 : Skipping Token layerContents On Line 1072
            Warning - 1 : Skipping Token layerContents On Line 1075
            Warning - 1 : Skipping Token layerContents On Line 1078
            Warning - 1 : Skipping Token layerContents On Line 1081
            Warning - 1 : Skipping Token layerContents On Line 1084
            Warning - 1 : Skipping Token layerContents On Line 1087
            Warning - 1 : Skipping Token layerContents On Line 1090
            Warning - 1 : Skipping Token layerContents On Line 1093
            Warning - 1 : Skipping Token layerContents On Line 1096
            Warning - 1 : Skipping Token layerContents On Line 1099
            Warning - 1 : Skipping Token layerContents On Line 1102
            Warning - 1 : Skipping Token layerContents On Line 1105
            Warning - 1 : Skipping Token layerContents On Line 1108
            Warning - 1 : Skipping Token layerContents On Line 1111
            Warning - 1 : Skipping Token layerContents On Line 1114
            Warning - 1 : Skipping Token layerContents On Line 1117
            Warning - 1 : Skipping Token layerContents On Line 1120
            Warning - 1 : Skipping Token layerContents On Line 1123
            Warning - 1 : Skipping Token layerContents On Line 1126
            Warning - 1 : Skipping Token layerContents On Line 1129
            Warning - 1 : Skipping Token layerContents On Line 1132
            Warning - 1 : Skipping Token layerContents On Line 1135
            Warning - 1 : Skipping Token layerContents On Line 1138
            Warning - 1 : Skipping Token layerContents On Line 1141
            Warning - 1 : Skipping Token multiLayer On Line 1150
            Warning - 1 : Skipping Token layerContents On Line 1159
            Warning - 1 : Skipping Token layerContents On Line 1162
            Warning - 1 : Skipping Token layerContents On Line 1165
            Warning - 1 : Skipping Token layerContents On Line 1168
            Warning - 1 : Skipping Token layerContents On Line 1171
            Warning - 1 : Skipping Token layerContents On Line 1174
            Warning - 1 : Skipping Token layerContents On Line 1177
            Warning - 1 : Skipping Token layerContents On Line 1180
            Warning - 1 : Skipping Token layerContents On Line 1183
            Warning - 1 : Skipping Token layerContents On Line 1186
            Warning - 1 : Skipping Token layerContents On Line 1189
            Warning - 1 : Skipping Token layerContents On Line 1192
            Warning - 1 : Skipping Token layerContents On Line 1195
            Warning - 1 : Skipping Token layerContents On Line 1198
            Warning - 1 : Skipping Token layerContents On Line 1201
            Warning - 1 : Skipping Token layerContents On Line 1204
            Warning - 1 : Skipping Token layerContents On Line 1207
            Warning - 1 : Skipping Token layerContents On Line 1210
            Warning - 1 : Skipping Token layerContents On Line 1213
            Warning - 1 : Skipping Token layerContents On Line 1216
            Warning - 1 : Skipping Token layerContents On Line 1219
            Warning - 1 : Skipping Token layerContents On Line 1222
            Warning - 1 : Skipping Token layerContents On Line 1225
            Warning - 1 : Skipping Token layerContents On Line 1228
            Warning - 1 : Skipping Token layerContents On Line 1231
            Warning - 1 : Skipping Token layerContents On Line 1234
            Warning - 1 : Skipping Token layerContents On Line 1237
            Warning - 1 : Skipping Token layerContents On Line 1240
            Warning - 1 : Skipping Token layerContents On Line 1243
            Warning - 1 : Skipping Token layerContents On Line 1246
            Warning - 1 : Skipping Token layerContents On Line 1249
            Warning - 1 : Skipping Token layerContents On Line 1252
            Warning - 1 : Skipping Token layerContents On Line 1255
            Warning - 1 : Skipping Token layerContents On Line 1258
            Warning - 1 : Skipping Token layerContents On Line 1261
            Warning - 1 : Skipping Token layerContents On Line 1264
            Warning - 1 : Skipping Token layerContents On Line 1267
            Warning - 1 : Skipping Token layerContents On Line 1283
            Warning - 1 : Skipping Token layerContents On Line 1291
            Warning - 1 : Skipping Token layerContents On Line 1294
            Warning - 1 : Skipping Token layerContents On Line 1297
            Warning - 1 : Skipping Token layerContents On Line 1300
            Warning - 1 : Skipping Token layerContents On Line 1303
            Warning - 1 : Skipping Token layerContents On Line 1306
            Warning - 1 : Skipping Token layerContents On Line 1309
            Warning - 1 : Skipping Token layerContents On Line 1312
            Warning - 1 : Skipping Token layerContents On Line 1315
            Warning - 1 : Skipping Token layerContents On Line 1318
            Warning - 1 : Skipping Token layerContents On Line 1321
            Warning - 1 : Skipping Token layerContents On Line 1324
            Warning - 1 : Skipping Token layerContents On Line 1327
            Warning - 1 : Skipping Token layerContents On Line 1330
            Warning - 1 : Skipping Token layerContents On Line 1333
            Warning - 1 : Skipping Token layerContents On Line 1336
            Warning - 1 : Skipping Token layerContents On Line 1339
            Warning - 1 : Skipping Token layerContents On Line 1342
            Warning - 1 : Skipping Token layerContents On Line 1345
            Warning - 1 : Skipping Token layerContents On Line 1348
            Warning - 1 : Skipping Token layerContents On Line 1351
            Warning - 1 : Skipping Token layerContents On Line 1354
            Warning - 1 : Skipping Token layerContents On Line 1357
            Warning - 1 : Skipping Token layerContents On Line 1360
            Warning - 1 : Skipping Token layerContents On Line 1363
            Warning - 1 : Skipping Token layerContents On Line 1366
            Warning - 1 : Skipping Token layerContents On Line 1369
            Warning - 1 : Skipping Token layerContents On Line 1372
            Warning - 1 : Skipping Token layerContents On Line 1375
            Warning - 1 : Skipping Token layerContents On Line 1378
            Warning - 1 : Skipping Token layerContents On Line 1381
            Warning - 1 : Skipping Token layerContents On Line 1384
            Warning - 1 : Skipping Token layerContents On Line 1387
            Warning - 1 : Skipping Token layerContents On Line 1390
            Warning - 1 : Skipping Token layerContents On Line 1393
            Warning - 1 : Skipping Token layerContents On Line 1396
            Warning - 1 : Skipping Token layerContents On Line 1399
            Warning - 1 : Skipping Token layerContents On Line 1402
            Warning - 1 : Skipping Token layerContents On Line 1405
            Warning - 1 : Skipping Token layerContents On Line 1408
            Warning - 1 : Skipping Token layerContents On Line 1411
            Warning - 1 : Skipping Token layerContents On Line 1414
            Warning - 1 : Skipping Token layerContents On Line 1417
            Warning - 1 : Skipping Token layerContents On Line 1420
            Warning - 1 : Skipping Token layerContents On Line 1423
            Warning - 1 : Skipping Token layerContents On Line 1426
            Warning - 1 : Skipping Token layerContents On Line 1429
            Warning - 1 : Skipping Token layerContents On Line 1432
            Warning - 1 : Skipping Token layerContents On Line 1435
            Warning - 1 : Skipping Token layerContents On Line 1438
            Warning - 1 : Skipping Token layerContents On Line 1441
            Warning - 1 : Skipping Token layerContents On Line 1444
            Warning - 1 : Skipping Token layerContents On Line 1447
            Warning - 1 : Skipping Token layerContents On Line 1450
            Warning - 1 : Skipping Token layerContents On Line 1453
            Warning - 1 : Skipping Token layerContents On Line 1456
            Warning - 1 : Skipping Token layerContents On Line 1459
            Warning - 1 : Skipping Token layerContents On Line 1462
            Warning - 1 : Skipping Token layerContents On Line 1465
            Warning - 1 : Skipping Token layerContents On Line 1468
            Warning - 1 : Skipping Token layerContents On Line 1471
            Warning - 1 : Skipping Token layerContents On Line 1474
            Warning - 1 : Skipping Token layerContents On Line 1477
            Warning - 1 : Skipping Token layerContents On Line 1480
            Warning - 1 : Skipping Token layerContents On Line 1483
            Warning - 1 : Skipping Token layerContents On Line 1486
            Warning - 1 : Skipping Token layerContents On Line 1489
            Warning - 1 : Skipping Token layerContents On Line 1492
            Warning - 1 : Skipping Token layerContents On Line 1495
            Warning - 1 : Skipping Token layerContents On Line 1498
            Warning - 1 : Skipping Token layerContents On Line 1501
            Warning - 1 : Skipping Token layerContents On Line 1504
            Warning - 1 : Skipping Token layerContents On Line 1507
            Warning - 1 : Skipping Token layerContents On Line 1510
            Warning - 1 : Skipping Token layerContents On Line 1513
            Warning - 1 : Skipping Token layerContents On Line 1516
            Warning - 1 : Skipping Token layerContents On Line 1519
            Warning - 1 : Skipping Token layerContents On Line 1522
            Warning - 1 : Skipping Token defaultPinDes On Line 1534
            Warning - 1 : Skipping Token defaultPinDes On Line 1542
            Warning - 1 : Skipping Token defaultPinDes On Line 1550
            Warning - 1 : Skipping Token defaultPinDes On Line 1558
            Warning - 1 : Skipping Token defaultPinDes On Line 1566
            Warning - 1 : Skipping Token defaultPinDes On Line 1574
        EndSection

        Section : Generating SCH Library - HDMIESD.SchLib
        EndSection
    EndSection
EndSection
