PCAD Importer Log
Project : LTC2954.LibPkg

Section : C:\Users\n10208577\Desktop\DRC2019-Hardware\Altium\Library\LTC2954.lia
    Section : PCB Library - LTC2954.PcbLib
        Section : Load Messages
            Warning - 1 : Skipping Token poly On Line 453
            Warning - 1 : Skipping Token poly On Line 469
            Warning - 1 : Skipping Token poly On Line 860
            Warning - 1 : Skipping Token poly On Line 876
            Warning - 1 : Skipping Token poly On Line 1267
            Warning - 1 : Skipping Token poly On Line 1283
            Warning - 1 : Skipping Token LTC2954CTS8-2_TR On Line 1525
            Warning - 1 : Skipping Token attachedSymbol On Line 1616
        EndSection

        Section : Import Messages
        EndSection
    EndSection

    Section : SCH Library - LTC2954.SchLib
        Section : Parsing Messages
            Warning - 1 : Skipping Token padStyleDef On Line 10
            Warning - 1 : Skipping Token padStyleDef On Line 20
            Warning - 1 : Skipping Token padStyleDef On Line 30
            Warning - 1 : Skipping Token multiLayer On Line 309
            Warning - 1 : Skipping Token layerContents On Line 320
            Warning - 1 : Skipping Token layerContents On Line 323
            Warning - 1 : Skipping Token layerContents On Line 326
            Warning - 1 : Skipping Token layerContents On Line 329
            Warning - 1 : Skipping Token layerContents On Line 332
            Warning - 1 : Skipping Token layerContents On Line 335
            Warning - 1 : Skipping Token layerContents On Line 338
            Warning - 1 : Skipping Token layerContents On Line 341
            Warning - 1 : Skipping Token layerContents On Line 344
            Warning - 1 : Skipping Token layerContents On Line 347
            Warning - 1 : Skipping Token layerContents On Line 350
            Warning - 1 : Skipping Token layerContents On Line 353
            Warning - 1 : Skipping Token layerContents On Line 356
            Warning - 1 : Skipping Token layerContents On Line 359
            Warning - 1 : Skipping Token layerContents On Line 362
            Warning - 1 : Skipping Token layerContents On Line 365
            Warning - 1 : Skipping Token layerContents On Line 368
            Warning - 1 : Skipping Token layerContents On Line 371
            Warning - 1 : Skipping Token layerContents On Line 374
            Warning - 1 : Skipping Token layerContents On Line 377
            Warning - 1 : Skipping Token layerContents On Line 380
            Warning - 1 : Skipping Token layerContents On Line 383
            Warning - 1 : Skipping Token layerContents On Line 386
            Warning - 1 : Skipping Token layerContents On Line 389
            Warning - 1 : Skipping Token layerContents On Line 392
            Warning - 1 : Skipping Token layerContents On Line 395
            Warning - 1 : Skipping Token layerContents On Line 398
            Warning - 1 : Skipping Token layerContents On Line 401
            Warning - 1 : Skipping Token layerContents On Line 404
            Warning - 1 : Skipping Token layerContents On Line 407
            Warning - 1 : Skipping Token layerContents On Line 410
            Warning - 1 : Skipping Token layerContents On Line 413
            Warning - 1 : Skipping Token layerContents On Line 416
            Warning - 1 : Skipping Token layerContents On Line 419
            Warning - 1 : Skipping Token layerContents On Line 422
            Warning - 1 : Skipping Token layerContents On Line 425
            Warning - 1 : Skipping Token layerContents On Line 428
            Warning - 1 : Skipping Token layerContents On Line 431
            Warning - 1 : Skipping Token layerContents On Line 434
            Warning - 1 : Skipping Token layerContents On Line 437
            Warning - 1 : Skipping Token layerContents On Line 440
            Warning - 1 : Skipping Token layerContents On Line 443
            Warning - 1 : Skipping Token layerContents On Line 446
            Warning - 1 : Skipping Token layerContents On Line 449
            Warning - 1 : Skipping Token layerContents On Line 452
            Warning - 1 : Skipping Token layerContents On Line 468
            Warning - 1 : Skipping Token layerContents On Line 476
            Warning - 1 : Skipping Token layerContents On Line 479
            Warning - 1 : Skipping Token layerContents On Line 482
            Warning - 1 : Skipping Token layerContents On Line 485
            Warning - 1 : Skipping Token layerContents On Line 488
            Warning - 1 : Skipping Token layerContents On Line 491
            Warning - 1 : Skipping Token layerContents On Line 494
            Warning - 1 : Skipping Token layerContents On Line 497
            Warning - 1 : Skipping Token layerContents On Line 500
            Warning - 1 : Skipping Token layerContents On Line 503
            Warning - 1 : Skipping Token layerContents On Line 506
            Warning - 1 : Skipping Token layerContents On Line 509
            Warning - 1 : Skipping Token layerContents On Line 512
            Warning - 1 : Skipping Token layerContents On Line 515
            Warning - 1 : Skipping Token layerContents On Line 518
            Warning - 1 : Skipping Token layerContents On Line 521
            Warning - 1 : Skipping Token layerContents On Line 524
            Warning - 1 : Skipping Token layerContents On Line 527
            Warning - 1 : Skipping Token layerContents On Line 530
            Warning - 1 : Skipping Token layerContents On Line 533
            Warning - 1 : Skipping Token layerContents On Line 536
            Warning - 1 : Skipping Token layerContents On Line 539
            Warning - 1 : Skipping Token layerContents On Line 542
            Warning - 1 : Skipping Token layerContents On Line 545
            Warning - 1 : Skipping Token layerContents On Line 548
            Warning - 1 : Skipping Token layerContents On Line 551
            Warning - 1 : Skipping Token layerContents On Line 554
            Warning - 1 : Skipping Token layerContents On Line 557
            Warning - 1 : Skipping Token layerContents On Line 560
            Warning - 1 : Skipping Token layerContents On Line 563
            Warning - 1 : Skipping Token layerContents On Line 566
            Warning - 1 : Skipping Token layerContents On Line 569
            Warning - 1 : Skipping Token layerContents On Line 572
            Warning - 1 : Skipping Token layerContents On Line 575
            Warning - 1 : Skipping Token layerContents On Line 578
            Warning - 1 : Skipping Token layerContents On Line 581
            Warning - 1 : Skipping Token layerContents On Line 584
            Warning - 1 : Skipping Token layerContents On Line 587
            Warning - 1 : Skipping Token layerContents On Line 590
            Warning - 1 : Skipping Token layerContents On Line 593
            Warning - 1 : Skipping Token layerContents On Line 596
            Warning - 1 : Skipping Token layerContents On Line 599
            Warning - 1 : Skipping Token layerContents On Line 602
            Warning - 1 : Skipping Token layerContents On Line 605
            Warning - 1 : Skipping Token layerContents On Line 608
            Warning - 1 : Skipping Token layerContents On Line 611
            Warning - 1 : Skipping Token layerContents On Line 614
            Warning - 1 : Skipping Token layerContents On Line 617
            Warning - 1 : Skipping Token layerContents On Line 620
            Warning - 1 : Skipping Token layerContents On Line 623
            Warning - 1 : Skipping Token layerContents On Line 626
            Warning - 1 : Skipping Token layerContents On Line 629
            Warning - 1 : Skipping Token layerContents On Line 632
            Warning - 1 : Skipping Token layerContents On Line 635
            Warning - 1 : Skipping Token layerContents On Line 638
            Warning - 1 : Skipping Token layerContents On Line 641
            Warning - 1 : Skipping Token layerContents On Line 644
            Warning - 1 : Skipping Token layerContents On Line 647
            Warning - 1 : Skipping Token layerContents On Line 650
            Warning - 1 : Skipping Token layerContents On Line 653
            Warning - 1 : Skipping Token layerContents On Line 656
            Warning - 1 : Skipping Token layerContents On Line 659
            Warning - 1 : Skipping Token layerContents On Line 662
            Warning - 1 : Skipping Token layerContents On Line 665
            Warning - 1 : Skipping Token layerContents On Line 668
            Warning - 1 : Skipping Token layerContents On Line 671
            Warning - 1 : Skipping Token layerContents On Line 674
            Warning - 1 : Skipping Token layerContents On Line 677
            Warning - 1 : Skipping Token layerContents On Line 680
            Warning - 1 : Skipping Token layerContents On Line 683
            Warning - 1 : Skipping Token layerContents On Line 686
            Warning - 1 : Skipping Token layerContents On Line 689
            Warning - 1 : Skipping Token layerContents On Line 692
            Warning - 1 : Skipping Token layerContents On Line 695
            Warning - 1 : Skipping Token layerContents On Line 698
            Warning - 1 : Skipping Token layerContents On Line 701
            Warning - 1 : Skipping Token layerContents On Line 704
            Warning - 1 : Skipping Token layerContents On Line 707
            Warning - 1 : Skipping Token multiLayer On Line 716
            Warning - 1 : Skipping Token layerContents On Line 727
            Warning - 1 : Skipping Token layerContents On Line 730
            Warning - 1 : Skipping Token layerContents On Line 733
            Warning - 1 : Skipping Token layerContents On Line 736
            Warning - 1 : Skipping Token layerContents On Line 739
            Warning - 1 : Skipping Token layerContents On Line 742
            Warning - 1 : Skipping Token layerContents On Line 745
            Warning - 1 : Skipping Token layerContents On Line 748
            Warning - 1 : Skipping Token layerContents On Line 751
            Warning - 1 : Skipping Token layerContents On Line 754
            Warning - 1 : Skipping Token layerContents On Line 757
            Warning - 1 : Skipping Token layerContents On Line 760
            Warning - 1 : Skipping Token layerContents On Line 763
            Warning - 1 : Skipping Token layerContents On Line 766
            Warning - 1 : Skipping Token layerContents On Line 769
            Warning - 1 : Skipping Token layerContents On Line 772
            Warning - 1 : Skipping Token layerContents On Line 775
            Warning - 1 : Skipping Token layerContents On Line 778
            Warning - 1 : Skipping Token layerContents On Line 781
            Warning - 1 : Skipping Token layerContents On Line 784
            Warning - 1 : Skipping Token layerContents On Line 787
            Warning - 1 : Skipping Token layerContents On Line 790
            Warning - 1 : Skipping Token layerContents On Line 793
            Warning - 1 : Skipping Token layerContents On Line 796
            Warning - 1 : Skipping Token layerContents On Line 799
            Warning - 1 : Skipping Token layerContents On Line 802
            Warning - 1 : Skipping Token layerContents On Line 805
            Warning - 1 : Skipping Token layerContents On Line 808
            Warning - 1 : Skipping Token layerContents On Line 811
            Warning - 1 : Skipping Token layerContents On Line 814
            Warning - 1 : Skipping Token layerContents On Line 817
            Warning - 1 : Skipping Token layerContents On Line 820
            Warning - 1 : Skipping Token layerContents On Line 823
            Warning - 1 : Skipping Token layerContents On Line 826
            Warning - 1 : Skipping Token layerContents On Line 829
            Warning - 1 : Skipping Token layerContents On Line 832
            Warning - 1 : Skipping Token layerContents On Line 835
            Warning - 1 : Skipping Token layerContents On Line 838
            Warning - 1 : Skipping Token layerContents On Line 841
            Warning - 1 : Skipping Token layerContents On Line 844
            Warning - 1 : Skipping Token layerContents On Line 847
            Warning - 1 : Skipping Token layerContents On Line 850
            Warning - 1 : Skipping Token layerContents On Line 853
            Warning - 1 : Skipping Token layerContents On Line 856
            Warning - 1 : Skipping Token layerContents On Line 859
            Warning - 1 : Skipping Token layerContents On Line 875
            Warning - 1 : Skipping Token layerContents On Line 883
            Warning - 1 : Skipping Token layerContents On Line 886
            Warning - 1 : Skipping Token layerContents On Line 889
            Warning - 1 : Skipping Token layerContents On Line 892
            Warning - 1 : Skipping Token layerContents On Line 895
            Warning - 1 : Skipping Token layerContents On Line 898
            Warning - 1 : Skipping Token layerContents On Line 901
            Warning - 1 : Skipping Token layerContents On Line 904
            Warning - 1 : Skipping Token layerContents On Line 907
            Warning - 1 : Skipping Token layerContents On Line 910
            Warning - 1 : Skipping Token layerContents On Line 913
            Warning - 1 : Skipping Token layerContents On Line 916
            Warning - 1 : Skipping Token layerContents On Line 919
            Warning - 1 : Skipping Token layerContents On Line 922
            Warning - 1 : Skipping Token layerContents On Line 925
            Warning - 1 : Skipping Token layerContents On Line 928
            Warning - 1 : Skipping Token layerContents On Line 931
            Warning - 1 : Skipping Token layerContents On Line 934
            Warning - 1 : Skipping Token layerContents On Line 937
            Warning - 1 : Skipping Token layerContents On Line 940
            Warning - 1 : Skipping Token layerContents On Line 943
            Warning - 1 : Skipping Token layerContents On Line 946
            Warning - 1 : Skipping Token layerContents On Line 949
            Warning - 1 : Skipping Token layerContents On Line 952
            Warning - 1 : Skipping Token layerContents On Line 955
            Warning - 1 : Skipping Token layerContents On Line 958
            Warning - 1 : Skipping Token layerContents On Line 961
            Warning - 1 : Skipping Token layerContents On Line 964
            Warning - 1 : Skipping Token layerContents On Line 967
            Warning - 1 : Skipping Token layerContents On Line 970
            Warning - 1 : Skipping Token layerContents On Line 973
            Warning - 1 : Skipping Token layerContents On Line 976
            Warning - 1 : Skipping Token layerContents On Line 979
            Warning - 1 : Skipping Token layerContents On Line 982
            Warning - 1 : Skipping Token layerContents On Line 985
            Warning - 1 : Skipping Token layerContents On Line 988
            Warning - 1 : Skipping Token layerContents On Line 991
            Warning - 1 : Skipping Token layerContents On Line 994
            Warning - 1 : Skipping Token layerContents On Line 997
            Warning - 1 : Skipping Token layerContents On Line 1000
            Warning - 1 : Skipping Token layerContents On Line 1003
            Warning - 1 : Skipping Token layerContents On Line 1006
            Warning - 1 : Skipping Token layerContents On Line 1009
            Warning - 1 : Skipping Token layerContents On Line 1012
            Warning - 1 : Skipping Token layerContents On Line 1015
            Warning - 1 : Skipping Token layerContents On Line 1018
            Warning - 1 : Skipping Token layerContents On Line 1021
            Warning - 1 : Skipping Token layerContents On Line 1024
            Warning - 1 : Skipping Token layerContents On Line 1027
            Warning - 1 : Skipping Token layerContents On Line 1030
            Warning - 1 : Skipping Token layerContents On Line 1033
            Warning - 1 : Skipping Token layerContents On Line 1036
            Warning - 1 : Skipping Token layerContents On Line 1039
            Warning - 1 : Skipping Token layerContents On Line 1042
            Warning - 1 : Skipping Token layerContents On Line 1045
            Warning - 1 : Skipping Token layerContents On Line 1048
            Warning - 1 : Skipping Token layerContents On Line 1051
            Warning - 1 : Skipping Token layerContents On Line 1054
            Warning - 1 : Skipping Token layerContents On Line 1057
            Warning - 1 : Skipping Token layerContents On Line 1060
            Warning - 1 : Skipping Token layerContents On Line 1063
            Warning - 1 : Skipping Token layerContents On Line 1066
            Warning - 1 : Skipping Token layerContents On Line 1069
            Warning - 1 : Skipping Token layerContents On Line 1072
            Warning - 1 : Skipping Token layerContents On Line 1075
            Warning - 1 : Skipping Token layerContents On Line 1078
            Warning - 1 : Skipping Token layerContents On Line 1081
            Warning - 1 : Skipping Token layerContents On Line 1084
            Warning - 1 : Skipping Token layerContents On Line 1087
            Warning - 1 : Skipping Token layerContents On Line 1090
            Warning - 1 : Skipping Token layerContents On Line 1093
            Warning - 1 : Skipping Token layerContents On Line 1096
            Warning - 1 : Skipping Token layerContents On Line 1099
            Warning - 1 : Skipping Token layerContents On Line 1102
            Warning - 1 : Skipping Token layerContents On Line 1105
            Warning - 1 : Skipping Token layerContents On Line 1108
            Warning - 1 : Skipping Token layerContents On Line 1111
            Warning - 1 : Skipping Token layerContents On Line 1114
            Warning - 1 : Skipping Token multiLayer On Line 1123
            Warning - 1 : Skipping Token layerContents On Line 1134
            Warning - 1 : Skipping Token layerContents On Line 1137
            Warning - 1 : Skipping Token layerContents On Line 1140
            Warning - 1 : Skipping Token layerContents On Line 1143
            Warning - 1 : Skipping Token layerContents On Line 1146
            Warning - 1 : Skipping Token layerContents On Line 1149
            Warning - 1 : Skipping Token layerContents On Line 1152
            Warning - 1 : Skipping Token layerContents On Line 1155
            Warning - 1 : Skipping Token layerContents On Line 1158
            Warning - 1 : Skipping Token layerContents On Line 1161
            Warning - 1 : Skipping Token layerContents On Line 1164
            Warning - 1 : Skipping Token layerContents On Line 1167
            Warning - 1 : Skipping Token layerContents On Line 1170
            Warning - 1 : Skipping Token layerContents On Line 1173
            Warning - 1 : Skipping Token layerContents On Line 1176
            Warning - 1 : Skipping Token layerContents On Line 1179
            Warning - 1 : Skipping Token layerContents On Line 1182
            Warning - 1 : Skipping Token layerContents On Line 1185
            Warning - 1 : Skipping Token layerContents On Line 1188
            Warning - 1 : Skipping Token layerContents On Line 1191
            Warning - 1 : Skipping Token layerContents On Line 1194
            Warning - 1 : Skipping Token layerContents On Line 1197
            Warning - 1 : Skipping Token layerContents On Line 1200
            Warning - 1 : Skipping Token layerContents On Line 1203
            Warning - 1 : Skipping Token layerContents On Line 1206
            Warning - 1 : Skipping Token layerContents On Line 1209
            Warning - 1 : Skipping Token layerContents On Line 1212
            Warning - 1 : Skipping Token layerContents On Line 1215
            Warning - 1 : Skipping Token layerContents On Line 1218
            Warning - 1 : Skipping Token layerContents On Line 1221
            Warning - 1 : Skipping Token layerContents On Line 1224
            Warning - 1 : Skipping Token layerContents On Line 1227
            Warning - 1 : Skipping Token layerContents On Line 1230
            Warning - 1 : Skipping Token layerContents On Line 1233
            Warning - 1 : Skipping Token layerContents On Line 1236
            Warning - 1 : Skipping Token layerContents On Line 1239
            Warning - 1 : Skipping Token layerContents On Line 1242
            Warning - 1 : Skipping Token layerContents On Line 1245
            Warning - 1 : Skipping Token layerContents On Line 1248
            Warning - 1 : Skipping Token layerContents On Line 1251
            Warning - 1 : Skipping Token layerContents On Line 1254
            Warning - 1 : Skipping Token layerContents On Line 1257
            Warning - 1 : Skipping Token layerContents On Line 1260
            Warning - 1 : Skipping Token layerContents On Line 1263
            Warning - 1 : Skipping Token layerContents On Line 1266
            Warning - 1 : Skipping Token layerContents On Line 1282
            Warning - 1 : Skipping Token layerContents On Line 1290
            Warning - 1 : Skipping Token layerContents On Line 1293
            Warning - 1 : Skipping Token layerContents On Line 1296
            Warning - 1 : Skipping Token layerContents On Line 1299
            Warning - 1 : Skipping Token layerContents On Line 1302
            Warning - 1 : Skipping Token layerContents On Line 1305
            Warning - 1 : Skipping Token layerContents On Line 1308
            Warning - 1 : Skipping Token layerContents On Line 1311
            Warning - 1 : Skipping Token layerContents On Line 1314
            Warning - 1 : Skipping Token layerContents On Line 1317
            Warning - 1 : Skipping Token layerContents On Line 1320
            Warning - 1 : Skipping Token layerContents On Line 1323
            Warning - 1 : Skipping Token layerContents On Line 1326
            Warning - 1 : Skipping Token layerContents On Line 1329
            Warning - 1 : Skipping Token layerContents On Line 1332
            Warning - 1 : Skipping Token layerContents On Line 1335
            Warning - 1 : Skipping Token layerContents On Line 1338
            Warning - 1 : Skipping Token layerContents On Line 1341
            Warning - 1 : Skipping Token layerContents On Line 1344
            Warning - 1 : Skipping Token layerContents On Line 1347
            Warning - 1 : Skipping Token layerContents On Line 1350
            Warning - 1 : Skipping Token layerContents On Line 1353
            Warning - 1 : Skipping Token layerContents On Line 1356
            Warning - 1 : Skipping Token layerContents On Line 1359
            Warning - 1 : Skipping Token layerContents On Line 1362
            Warning - 1 : Skipping Token layerContents On Line 1365
            Warning - 1 : Skipping Token layerContents On Line 1368
            Warning - 1 : Skipping Token layerContents On Line 1371
            Warning - 1 : Skipping Token layerContents On Line 1374
            Warning - 1 : Skipping Token layerContents On Line 1377
            Warning - 1 : Skipping Token layerContents On Line 1380
            Warning - 1 : Skipping Token layerContents On Line 1383
            Warning - 1 : Skipping Token layerContents On Line 1386
            Warning - 1 : Skipping Token layerContents On Line 1389
            Warning - 1 : Skipping Token layerContents On Line 1392
            Warning - 1 : Skipping Token layerContents On Line 1395
            Warning - 1 : Skipping Token layerContents On Line 1398
            Warning - 1 : Skipping Token layerContents On Line 1401
            Warning - 1 : Skipping Token layerContents On Line 1404
            Warning - 1 : Skipping Token layerContents On Line 1407
            Warning - 1 : Skipping Token layerContents On Line 1410
            Warning - 1 : Skipping Token layerContents On Line 1413
            Warning - 1 : Skipping Token layerContents On Line 1416
            Warning - 1 : Skipping Token layerContents On Line 1419
            Warning - 1 : Skipping Token layerContents On Line 1422
            Warning - 1 : Skipping Token layerContents On Line 1425
            Warning - 1 : Skipping Token layerContents On Line 1428
            Warning - 1 : Skipping Token layerContents On Line 1431
            Warning - 1 : Skipping Token layerContents On Line 1434
            Warning - 1 : Skipping Token layerContents On Line 1437
            Warning - 1 : Skipping Token layerContents On Line 1440
            Warning - 1 : Skipping Token layerContents On Line 1443
            Warning - 1 : Skipping Token layerContents On Line 1446
            Warning - 1 : Skipping Token layerContents On Line 1449
            Warning - 1 : Skipping Token layerContents On Line 1452
            Warning - 1 : Skipping Token layerContents On Line 1455
            Warning - 1 : Skipping Token layerContents On Line 1458
            Warning - 1 : Skipping Token layerContents On Line 1461
            Warning - 1 : Skipping Token layerContents On Line 1464
            Warning - 1 : Skipping Token layerContents On Line 1467
            Warning - 1 : Skipping Token layerContents On Line 1470
            Warning - 1 : Skipping Token layerContents On Line 1473
            Warning - 1 : Skipping Token layerContents On Line 1476
            Warning - 1 : Skipping Token layerContents On Line 1479
            Warning - 1 : Skipping Token layerContents On Line 1482
            Warning - 1 : Skipping Token layerContents On Line 1485
            Warning - 1 : Skipping Token layerContents On Line 1488
            Warning - 1 : Skipping Token layerContents On Line 1491
            Warning - 1 : Skipping Token layerContents On Line 1494
            Warning - 1 : Skipping Token layerContents On Line 1497
            Warning - 1 : Skipping Token layerContents On Line 1500
            Warning - 1 : Skipping Token layerContents On Line 1503
            Warning - 1 : Skipping Token layerContents On Line 1506
            Warning - 1 : Skipping Token layerContents On Line 1509
            Warning - 1 : Skipping Token layerContents On Line 1512
            Warning - 1 : Skipping Token layerContents On Line 1515
            Warning - 1 : Skipping Token layerContents On Line 1518
            Warning - 1 : Skipping Token layerContents On Line 1521
            Warning - 1 : Skipping Token defaultPinDes On Line 1533
            Warning - 1 : Skipping Token defaultPinDes On Line 1541
            Warning - 1 : Skipping Token defaultPinDes On Line 1549
            Warning - 1 : Skipping Token defaultPinDes On Line 1557
            Warning - 1 : Skipping Token defaultPinDes On Line 1565
            Warning - 1 : Skipping Token defaultPinDes On Line 1573
            Warning - 1 : Skipping Token defaultPinDes On Line 1581
            Warning - 1 : Skipping Token defaultPinDes On Line 1589
        EndSection

        Section : Generating SCH Library - LTC2954.SchLib
        EndSection
    EndSection
EndSection
